2022-02-22 16:59:56,347 - __main__ - DEBUG - File already downloaded. Starting backup process.
2022-02-22 16:59:56,348 - __main__ - DEBUG - Returning 20220222-165956.bak
2022-02-22 16:59:56,348 - __main__ - DEBUG - Backed up Fusion to file: /Library/Preferences/VMware Fusion/networking20220222-165956.bak
2022-02-22 17:00:04,633 - __main__ - DEBUG - Current Fusion network config backed up.
2022-02-22 17:00:04,634 - __main__ - DEBUG - Executing cp function
2022-02-22 17:00:04,651 - __main__ - DEBUG - New networking file loaded. Restarting network processes.
2022-02-22 17:26:20,635 - __main__ - DEBUG - File already downloaded. Starting backup process.
2022-02-22 17:26:20,636 - __main__ - DEBUG - Backed up Fusion to file: /Library/Preferences/VMware Fusion/networking
2022-02-22 17:26:20,636 - __main__ - DEBUG - Returning 20220222-172620.bak
2022-02-22 17:26:27,574 - __main__ - DEBUG - Current Fusion network config backed up.
2022-02-22 17:26:27,575 - __main__ - DEBUG - Executing cp function
2022-02-22 17:26:27,592 - __main__ - DEBUG - New networking file loaded. Restarting network processes.
2022-02-22 20:07:34,568 - __main__ - DEBUG - File already downloaded. Starting backup process.
2022-02-22 20:07:34,570 - __main__ - DEBUG - Returning 20220222-200734.bak
2022-02-22 20:07:34,570 - __main__ - DEBUG - Backed up Fusion to file: /Library/Preferences/VMware Fusion/networking20220222-200734.bak
2022-02-22 20:07:34,575 - __main__ - DEBUG - Current Fusion network config backed up.
2022-02-22 20:07:34,576 - __main__ - DEBUG - Executing cp function
2022-02-22 20:07:34,578 - __main__ - DEBUG - New networking file loaded. Restarting network processes.
2022-02-22 20:07:50,195 - __main__ - DEBUG - File already downloaded. Starting backup process.
2022-02-22 20:07:50,196 - __main__ - DEBUG - Returning 20220222-200750.bak
2022-02-22 20:07:50,196 - __main__ - DEBUG - Backed up Fusion to file: /Library/Preferences/VMware Fusion/networking20220222-200750.bak
2022-02-22 20:07:50,199 - __main__ - DEBUG - Current Fusion network config backed up.
2022-02-22 20:07:50,199 - __main__ - DEBUG - Executing cp function
2022-02-22 20:07:50,202 - __main__ - DEBUG - New networking file loaded. Restarting network processes.
